[Mon, 09 Apr 18 01:44:50 +0700][ERROR] [2]: VendorController handler class cannot be loaded

[Mon, 09 Apr 18 01:44:50 +0700][ERROR] [2]: VendorController handler class cannot be loaded

[Mon, 09 Apr 18 01:45:10 +0700][ERROR] [2]: ImgController handler class cannot be loaded

[Mon, 09 Apr 18 01:45:10 +0700][ERROR] [2]: ImgController handler class cannot be loaded

[Mon, 09 Apr 18 01:50:54 +0700][ERROR] [2]: ImgController handler class cannot be loaded

[Mon, 09 Apr 18 01:52:18 +0700][ERROR] [2]: ImgController handler class cannot be loaded

[Mon, 09 Apr 18 01:52:18 +0700][ERROR] [2]: ImgController handler class cannot be loaded

[Mon, 09 Apr 18 01:52:18 +0700][ERROR] [2]: ImgController handler class cannot be loaded

[Mon, 09 Apr 18 01:52:18 +0700][ERROR] [2]: ImgController handler class cannot be loaded

[Mon, 09 Apr 18 01:52:52 +0700][ERROR] [2]: ImgController handler class cannot be loaded

[Mon, 09 Apr 18 01:52:52 +0700][ERROR] [2]: ImgController handler class cannot be loaded

[Mon, 09 Apr 18 01:55:26 +0700][ERROR] [2]: ImgController handler class cannot be loaded

[Mon, 09 Apr 18 01:55:52 +0700][ERROR] [2]: VendorController handler class cannot be loaded

[Mon, 09 Apr 18 01:55:52 +0700][ERROR] [2]: VendorController handler class cannot be loaded

[Mon, 09 Apr 18 01:56:14 +0700][ERROR] [2]: VendorController handler class cannot be loaded

[Mon, 09 Apr 18 01:56:14 +0700][ERROR] [2]: VendorController handler class cannot be loaded

[Mon, 09 Apr 18 01:57:52 +0700][ERROR] [2]: VendorController handler class cannot be loaded

[Mon, 09 Apr 18 01:57:52 +0700][ERROR] [2]: VendorController handler class cannot be loaded

[Mon, 09 Apr 18 02:03:40 +0700][ERROR] [2]: VendorController handler class cannot be loaded

[Mon, 09 Apr 18 02:03:40 +0700][ERROR] [2]: VendorController handler class cannot be loaded

[Mon, 09 Apr 18 02:03:54 +0700][ERROR] [2]: VendorController handler class cannot be loaded

[Mon, 09 Apr 18 02:03:54 +0700][ERROR] [2]: VendorController handler class cannot be loaded

[Mon, 09 Apr 18 02:14:24 +0700][ERROR] [2]: ImgController handler class cannot be loaded

[Mon, 09 Apr 18 02:14:29 +0700][ERROR] [2]: VendorController handler class cannot be loaded

[Mon, 09 Apr 18 02:14:29 +0700][ERROR] [2]: VendorController handler class cannot be loaded

[Mon, 09 Apr 18 02:14:43 +0700][ERROR] [2]: ImgController handler class cannot be loaded

[Mon, 09 Apr 18 02:14:43 +0700][ERROR] [2]: ImgController handler class cannot be loaded

[Mon, 09 Apr 18 02:14:43 +0700][ERROR] [2]: ImgController handler class cannot be loaded

[Mon, 09 Apr 18 02:16:01 +0700][ERROR] [2]: ImgController handler class cannot be loaded

[Mon, 09 Apr 18 02:16:01 +0700][ERROR] [2]: ImgController handler class cannot be loaded

[Mon, 09 Apr 18 02:16:14 +0700][ERROR] [2]: ImgController handler class cannot be loaded

[Mon, 09 Apr 18 02:16:14 +0700][ERROR] [2]: ImgController handler class cannot be loaded

[Mon, 09 Apr 18 02:16:25 +0700][ERROR] [2]: ImgController handler class cannot be loaded

[Mon, 09 Apr 18 02:16:25 +0700][ERROR] [2]: ImgController handler class cannot be loaded

[Mon, 09 Apr 18 02:16:51 +0700][ERROR] [2]: ImgController handler class cannot be loaded

[Mon, 09 Apr 18 02:16:51 +0700][ERROR] [2]: ImgController handler class cannot be loaded

[Mon, 09 Apr 18 02:16:51 +0700][ERROR] [2]: ImgController handler class cannot be loaded

[Mon, 09 Apr 18 02:16:51 +0700][ERROR] [2]: ImgController handler class cannot be loaded

[Mon, 09 Apr 18 02:17:46 +0700][ERROR] [2]: ImgController handler class cannot be loaded

[Mon, 09 Apr 18 02:17:46 +0700][ERROR] [2]: ImgController handler class cannot be loaded

[Mon, 09 Apr 18 02:17:47 +0700][ERROR] [2]: ImgController handler class cannot be loaded

[Mon, 09 Apr 18 02:17:47 +0700][ERROR] [2]: ImgController handler class cannot be loaded

[Mon, 09 Apr 18 02:18:15 +0700][ERROR] [2]: ImgController handler class cannot be loaded

[Mon, 09 Apr 18 02:18:15 +0700][ERROR] [2]: ImgController handler class cannot be loaded

[Mon, 09 Apr 18 02:20:40 +0700][ERROR] [2]: ImgController handler class cannot be loaded

[Mon, 09 Apr 18 02:20:40 +0700][ERROR] [2]: ImgController handler class cannot be loaded

[Mon, 09 Apr 18 02:20:41 +0700][ERROR] [2]: ImgController handler class cannot be loaded

[Mon, 09 Apr 18 02:20:41 +0700][ERROR] [2]: ImgController handler class cannot be loaded

[Mon, 09 Apr 18 02:21:18 +0700][ERROR] [2]: ImgController handler class cannot be loaded

[Mon, 09 Apr 18 02:22:09 +0700][ERROR] [2]: ImgController handler class cannot be loaded

[Mon, 09 Apr 18 02:22:10 +0700][ERROR] [2]: ImgController handler class cannot be loaded

[Mon, 09 Apr 18 02:22:10 +0700][ERROR] [2]: ImgController handler class cannot be loaded

[Mon, 09 Apr 18 02:22:10 +0700][ERROR] [2]: ImgController handler class cannot be loaded

[Mon, 09 Apr 18 02:22:11 +0700][ERROR] [2]: ImgController handler class cannot be loaded

[Mon, 09 Apr 18 02:22:11 +0700][ERROR] [2]: ImgController handler class cannot be loaded

[Mon, 09 Apr 18 02:22:11 +0700][ERROR] [2]: ImgController handler class cannot be loaded

[Mon, 09 Apr 18 02:22:11 +0700][ERROR] [2]: ImgController handler class cannot be loaded

[Mon, 09 Apr 18 02:22:12 +0700][ERROR] [2]: ImgController handler class cannot be loaded

[Mon, 09 Apr 18 02:22:12 +0700][ERROR] [2]: ImgController handler class cannot be loaded

[Mon, 09 Apr 18 02:22:49 +0700][ERROR] [2]: ImgController handler class cannot be loaded

[Mon, 09 Apr 18 02:22:49 +0700][ERROR] [2]: ImgController handler class cannot be loaded

[Mon, 09 Apr 18 02:22:50 +0700][ERROR] [2]: ImgController handler class cannot be loaded

[Mon, 09 Apr 18 02:22:50 +0700][ERROR] [2]: ImgController handler class cannot be loaded

[Mon, 09 Apr 18 02:22:51 +0700][ERROR] [2]: ImgController handler class cannot be loaded

[Mon, 09 Apr 18 02:22:51 +0700][ERROR] [2]: ImgController handler class cannot be loaded

[Mon, 09 Apr 18 02:23:09 +0700][ERROR] [2]: ImgController handler class cannot be loaded

[Mon, 09 Apr 18 02:23:09 +0700][ERROR] [2]: ImgController handler class cannot be loaded

[Mon, 09 Apr 18 02:23:10 +0700][ERROR] [2]: ImgController handler class cannot be loaded

[Mon, 09 Apr 18 02:23:10 +0700][ERROR] [2]: ImgController handler class cannot be loaded

[Mon, 09 Apr 18 02:23:11 +0700][ERROR] [2]: ImgController handler class cannot be loaded

[Mon, 09 Apr 18 02:23:11 +0700][ERROR] [2]: ImgController handler class cannot be loaded

[Mon, 09 Apr 18 02:23:11 +0700][ERROR] [2]: ImgController handler class cannot be loaded

[Mon, 09 Apr 18 02:23:11 +0700][ERROR] [2]: ImgController handler class cannot be loaded

[Mon, 09 Apr 18 02:23:11 +0700][ERROR] [2]: ImgController handler class cannot be loaded

[Mon, 09 Apr 18 02:23:11 +0700][ERROR] [2]: ImgController handler class cannot be loaded

[Mon, 09 Apr 18 02:23:12 +0700][ERROR] [2]: ImgController handler class cannot be loaded

[Mon, 09 Apr 18 02:23:12 +0700][ERROR] [2]: ImgController handler class cannot be loaded

[Mon, 09 Apr 18 02:23:23 +0700][ERROR] [2]: ImgController handler class cannot be loaded

[Mon, 09 Apr 18 02:23:23 +0700][ERROR] [2]: ImgController handler class cannot be loaded

[Mon, 09 Apr 18 02:24:07 +0700][ERROR] [2]: ImgController handler class cannot be loaded

[Mon, 09 Apr 18 02:24:07 +0700][ERROR] [2]: ImgController handler class cannot be loaded

[Mon, 09 Apr 18 02:24:53 +0700][ERROR] [2]: ImgController handler class cannot be loaded

[Mon, 09 Apr 18 02:24:53 +0700][ERROR] [2]: ImgController handler class cannot be loaded

[Mon, 09 Apr 18 02:26:14 +0700][ERROR] [2]: VendorController handler class cannot be loaded

[Mon, 09 Apr 18 02:26:14 +0700][ERROR] [2]: VendorController handler class cannot be loaded

[Mon, 09 Apr 18 11:38:05 +0700][ERROR] [2]: VendorController handler class cannot be loaded

[Mon, 09 Apr 18 11:38:05 +0700][ERROR] [2]: VendorController handler class cannot be loaded

[Mon, 09 Apr 18 11:54:24 +0700][ERROR] [2]: VendorController handler class cannot be loaded

[Mon, 09 Apr 18 11:54:24 +0700][ERROR] [2]: VendorController handler class cannot be loaded

[Mon, 09 Apr 18 12:01:57 +0700][ERROR] [2]: ImgController handler class cannot be loaded

[Mon, 09 Apr 18 12:02:55 +0700][ERROR] [2]: ImgController handler class cannot be loaded

[Mon, 09 Apr 18 12:02:55 +0700][ERROR] [2]: ImgController handler class cannot be loaded

[Mon, 09 Apr 18 12:03:23 +0700][ERROR] [2]: ImgController handler class cannot be loaded

[Mon, 09 Apr 18 12:03:23 +0700][ERROR] [2]: ImgController handler class cannot be loaded

[Mon, 09 Apr 18 12:03:37 +0700][ERROR] [2]: ImgController handler class cannot be loaded

[Mon, 09 Apr 18 12:03:37 +0700][ERROR] [2]: ImgController handler class cannot be loaded

[Mon, 09 Apr 18 12:03:48 +0700][ERROR] [2]: ImgController handler class cannot be loaded

[Mon, 09 Apr 18 12:03:48 +0700][ERROR] [2]: ImgController handler class cannot be loaded

[Mon, 09 Apr 18 12:05:26 +0700][ERROR] [2]: ImgController handler class cannot be loaded

[Mon, 09 Apr 18 12:05:26 +0700][ERROR] [2]: ImgController handler class cannot be loaded

[Mon, 09 Apr 18 12:08:19 +0700][ERROR] [2]: ImgController handler class cannot be loaded

[Mon, 09 Apr 18 12:08:33 +0700][ERROR] [2]: ImgController handler class cannot be loaded

[Mon, 09 Apr 18 12:08:33 +0700][ERROR] [2]: ImgController handler class cannot be loaded

[Mon, 09 Apr 18 12:08:47 +0700][ERROR] [2]: ImgController handler class cannot be loaded

[Mon, 09 Apr 18 12:08:47 +0700][ERROR] [2]: ImgController handler class cannot be loaded

[Mon, 09 Apr 18 12:08:58 +0700][ERROR] [2]: ImgController handler class cannot be loaded

[Mon, 09 Apr 18 12:08:58 +0700][ERROR] [2]: ImgController handler class cannot be loaded

[Mon, 09 Apr 18 12:08:59 +0700][ERROR] [2]: ImgController handler class cannot be loaded

[Mon, 09 Apr 18 12:08:59 +0700][ERROR] [2]: ImgController handler class cannot be loaded

[Mon, 09 Apr 18 12:09:00 +0700][ERROR] [2]: ImgController handler class cannot be loaded

[Mon, 09 Apr 18 12:09:00 +0700][ERROR] [2]: ImgController handler class cannot be loaded

[Mon, 09 Apr 18 12:09:11 +0700][ERROR] [2]: ImgController handler class cannot be loaded

[Mon, 09 Apr 18 12:09:11 +0700][ERROR] [2]: ImgController handler class cannot be loaded

[Mon, 09 Apr 18 12:09:49 +0700][ERROR] [2]: ImgController handler class cannot be loaded

[Mon, 09 Apr 18 12:10:11 +0700][ERROR] [2]: ImgController handler class cannot be loaded

[Mon, 09 Apr 18 12:10:31 +0700][ERROR] [2]: ImgController handler class cannot be loaded

[Mon, 09 Apr 18 12:10:45 +0700][ERROR] [2]: ImgController handler class cannot be loaded

[Mon, 09 Apr 18 12:10:56 +0700][ERROR] [2]: ImgController handler class cannot be loaded

[Mon, 09 Apr 18 12:11:23 +0700][ERROR] [2]: ImgController handler class cannot be loaded

[Mon, 09 Apr 18 12:11:34 +0700][ERROR] [2]: ImgController handler class cannot be loaded

[Mon, 09 Apr 18 12:11:46 +0700][ERROR] [2]: ImgController handler class cannot be loaded

[Mon, 09 Apr 18 12:12:02 +0700][ERROR] [2]: ImgController handler class cannot be loaded

[Mon, 09 Apr 18 12:12:20 +0700][ERROR] [2]: ImgController handler class cannot be loaded

[Mon, 09 Apr 18 12:21:43 +0700][ERROR] [2]: VendorController handler class cannot be loaded

[Mon, 09 Apr 18 12:21:43 +0700][ERROR] [2]: VendorController handler class cannot be loaded

[Mon, 09 Apr 18 12:21:52 +0700][ERROR] [2]: ImgController handler class cannot be loaded

[Mon, 09 Apr 18 12:22:10 +0700][ERROR] [2]: VendorController handler class cannot be loaded

[Mon, 09 Apr 18 12:22:11 +0700][ERROR] [2]: VendorController handler class cannot be loaded

[Mon, 09 Apr 18 12:22:18 +0700][ERROR] [2]: ImgController handler class cannot be loaded

[Mon, 09 Apr 18 12:22:21 +0700][ERROR] [2]: VendorController handler class cannot be loaded

[Mon, 09 Apr 18 12:22:21 +0700][ERROR] [2]: VendorController handler class cannot be loaded

[Mon, 09 Apr 18 13:02:07 +0700][ERROR] [2]: RegisController handler class cannot be loaded

[Mon, 09 Apr 18 13:02:08 +0700][ERROR] [2]: RegisController handler class cannot be loaded

[Mon, 09 Apr 18 13:02:09 +0700][ERROR] [2]: EvenController handler class cannot be loaded

[Mon, 09 Apr 18 13:02:10 +0700][ERROR] [2]: ImgController handler class cannot be loaded

[Mon, 09 Apr 18 13:02:14 +0700][ERROR] [2]: EvenController handler class cannot be loaded

[Mon, 09 Apr 18 13:02:50 +0700][ERROR] [2]: EvenController handler class cannot be loaded

[Mon, 09 Apr 18 13:02:50 +0700][ERROR] [2]: EvenController handler class cannot be loaded

[Mon, 09 Apr 18 13:02:51 +0700][ERROR] [2]: EvenController handler class cannot be loaded

[Mon, 09 Apr 18 13:02:51 +0700][ERROR] [2]: EvenController handler class cannot be loaded

[Mon, 09 Apr 18 13:02:52 +0700][ERROR] [2]: ImgController handler class cannot be loaded

[Mon, 09 Apr 18 13:02:57 +0700][ERROR] [2]: EvenController handler class cannot be loaded

[Mon, 09 Apr 18 13:07:39 +0700][ERROR] [5]: Action 'event' was not found on handler 'event'

[Mon, 09 Apr 18 13:07:42 +0700][ERROR] [5]: Action 'event' was not found on handler 'event'

[Mon, 09 Apr 18 13:08:56 +0700][ERROR] [5]: Action 'event' was not found on handler 'event'

[Mon, 09 Apr 18 13:10:33 +0700][ERROR] [2]: ImgController handler class cannot be loaded

[Mon, 09 Apr 18 13:15:16 +0700][ERROR] [2]: EvenController handler class cannot be loaded

[Mon, 09 Apr 18 13:15:20 +0700][ERROR] [2]: ImgController handler class cannot be loaded

[Mon, 09 Apr 18 13:15:22 +0700][ERROR] [2]: ImgController handler class cannot be loaded

[Mon, 09 Apr 18 13:15:25 +0700][ERROR] [2]: EvenController handler class cannot be loaded

[Mon, 09 Apr 18 13:15:32 +0700][ERROR] [2]: VendorController handler class cannot be loaded

[Mon, 09 Apr 18 13:15:32 +0700][ERROR] [2]: VendorController handler class cannot be loaded

[Mon, 09 Apr 18 13:15:53 +0700][ERROR] [2]: VendorController handler class cannot be loaded

[Mon, 09 Apr 18 13:15:53 +0700][ERROR] [2]: VendorController handler class cannot be loaded

[Mon, 09 Apr 18 13:30:43 +0700][ERROR] [2]: ImgController handler class cannot be loaded

[Mon, 09 Apr 18 13:31:29 +0700][ERROR] [2]: ImgController handler class cannot be loaded

[Mon, 09 Apr 18 13:31:34 +0700][ERROR] [2]: ImgController handler class cannot be loaded

[Mon, 09 Apr 18 13:33:26 +0700][ERROR] [2]: ImgController handler class cannot be loaded

[Mon, 09 Apr 18 14:16:43 +0700][ERROR] [5]: Action 'authen' was not found on handler 'event'

[Mon, 09 Apr 18 14:16:44 +0700][ERROR] [5]: Action 'authen' was not found on handler 'event'

[Mon, 09 Apr 18 14:16:51 +0700][ERROR] [2]: VendorController handler class cannot be loaded

[Mon, 09 Apr 18 14:16:51 +0700][ERROR] [2]: VendorController handler class cannot be loaded

[Mon, 09 Apr 18 14:19:37 +0700][ERROR] [2]: VendorController handler class cannot be loaded

[Mon, 09 Apr 18 14:19:37 +0700][ERROR] [2]: VendorController handler class cannot be loaded

[Mon, 09 Apr 18 14:19:48 +0700][ERROR] [2]: ImgController handler class cannot be loaded

[Mon, 09 Apr 18 14:19:57 +0700][ERROR] [2]: VendorController handler class cannot be loaded

[Mon, 09 Apr 18 14:19:57 +0700][ERROR] [2]: VendorController handler class cannot be loaded

[Mon, 09 Apr 18 14:20:32 +0700][ERROR] [2]: VendorController handler class cannot be loaded

[Mon, 09 Apr 18 14:20:32 +0700][ERROR] [2]: VendorController handler class cannot be loaded

[Mon, 09 Apr 18 14:20:36 +0700][ERROR] [2]: VendorController handler class cannot be loaded

[Mon, 09 Apr 18 14:20:36 +0700][ERROR] [2]: VendorController handler class cannot be loaded

[Mon, 09 Apr 18 17:34:24 +0700][ERROR] [2]: VendorController handler class cannot be loaded

